TN:
SF:errors.ts
FN:1,mapError
FNF:1
FNH:1
FNDA:8,mapError
DA:2,8
DA:4,8
DA:6,1
DA:8,1
DA:10,1
DA:12,0
DA:14,1
DA:16,4
LF:8
LH:7
BRDA:4,0,0,1
BRDA:4,0,1,1
BRDA:4,0,2,1
BRDA:4,0,3,0
BRDA:4,0,4,1
BRDA:4,0,5,4
BRDA:16,1,0,4
BRDA:16,1,1,0
BRF:8
BRH:6
end_of_record
TN:
SF:index.ts
FN:5,submitInvoice
FN:24,fundInvoice
FN:39,markPaid
FN:53,claimDefault
FN:67,getInvoice
FNF:5
FNH:4
FNDA:4,submitInvoice
FNDA:4,fundInvoice
FNDA:4,markPaid
FNDA:4,claimDefault
FNDA:0,getInvoice
DA:12,4
DA:13,1
DA:16,3
DA:17,3
DA:18,1
DA:20,2
DA:28,4
DA:29,1
DA:32,3
DA:33,3
DA:35,2
DA:42,4
DA:43,1
DA:46,3
DA:47,3
DA:49,2
DA:56,4
DA:57,1
DA:60,3
DA:61,3
DA:63,2
DA:70,0
DA:71,0
DA:74,0
DA:75,0
DA:76,0
DA:78,0
LF:27
LH:21
BRDA:12,0,0,1
BRDA:12,0,1,3
BRDA:12,1,0,4
BRDA:12,1,1,3
BRDA:28,2,0,1
BRDA:28,2,1,3
BRDA:42,3,0,1
BRDA:42,3,1,3
BRDA:56,4,0,1
BRDA:56,4,1,3
BRDA:70,5,0,0
BRDA:70,5,1,0
BRF:12
BRH:10
end_of_record
TN:
SF:src/analytics.ts
FN:46,(anonymous_0)
FN:52,(anonymous_1)
FN:67,(anonymous_2)
FN:71,(anonymous_3)
FN:75,(anonymous_4)
FN:79,(anonymous_5)
FN:83,(anonymous_6)
FN:87,(anonymous_7)
FNF:8
FNH:8
FNDA:7,(anonymous_0)
FNDA:11,(anonymous_1)
FNDA:6,(anonymous_2)
FNDA:1,(anonymous_3)
FNDA:1,(anonymous_4)
FNDA:2,(anonymous_5)
FNDA:1,(anonymous_6)
FNDA:1,(anonymous_7)
DA:47,7
DA:48,7
DA:49,7
DA:53,11
DA:54,11
DA:56,11
DA:57,1
DA:60,10
DA:61,10
DA:63,10
DA:64,10
DA:68,6
DA:72,1
DA:76,1
DA:80,2
DA:84,1
DA:88,1
LF:17
LH:17
BRDA:46,0,0,7
BRDA:46,1,0,7
BRDA:52,2,0,11
BRDA:56,3,0,1
BRDA:56,3,1,10
BRDA:56,4,0,11
BRDA:56,4,1,2
BRDA:83,5,0,1
BRDA:83,6,0,1
BRF:9
BRH:9
end_of_record
TN:
SF:src/client.ts
FN:42,(anonymous_0)
FN:49,(anonymous_1)
FN:72,(anonymous_2)
FN:88,(anonymous_3)
FN:98,(anonymous_4)
FN:107,(anonymous_5)
FN:123,(anonymous_6)
FN:145,(anonymous_7)
FN:153,(anonymous_8)
FN:163,(anonymous_9)
FN:210,(anonymous_10)
FN:215,(anonymous_11)
FN:244,(anonymous_12)
FN:261,(anonymous_13)
FN:286,(anonymous_14)
FN:290,(anonymous_15)
FN:304,(anonymous_16)
FN:315,(anonymous_17)
FN:323,(anonymous_18)
FN:338,(anonymous_19)
FN:352,(anonymous_20)
FNF:21
FNH:21
FNDA:14,(anonymous_0)
FNDA:2,(anonymous_1)
FNDA:2,(anonymous_2)
FNDA:4,(anonymous_3)
FNDA:3,(anonymous_4)
FNDA:3,(anonymous_5)
FNDA:5,(anonymous_6)
FNDA:8,(anonymous_7)
FNDA:5,(anonymous_8)
FNDA:4,(anonymous_9)
FNDA:1,(anonymous_10)
FNDA:3,(anonymous_11)
FNDA:4,(anonymous_12)
FNDA:3,(anonymous_13)
FNDA:3,(anonymous_14)
FNDA:3,(anonymous_15)
FNDA:3,(anonymous_16)
FNDA:3,(anonymous_17)
FNDA:1,(anonymous_18)
FNDA:1,(anonymous_19)
FNDA:1,(anonymous_20)
DA:24,2
DA:25,2
DA:43,14
DA:44,14
DA:45,14
DA:46,14
DA:50,2
DA:52,2
DA:53,1
DA:56,1
DA:64,1
DA:65,1
DA:66,1
DA:68,1
DA:69,1
DA:73,2
DA:75,2
DA:76,1
DA:79,1
DA:84,1
DA:85,1
DA:89,4
DA:90,3
DA:93,3
DA:95,2
DA:99,3
DA:102,3
DA:104,3
DA:108,3
DA:128,5
DA:130,5
DA:146,8
DA:147,1
DA:150,7
DA:156,5
DA:157,5
DA:159,1
DA:167,4
DA:168,4
DA:169,0
DA:172,4
DA:176,4
DA:180,4
DA:186,4
DA:187,1
DA:190,3
DA:191,0
DA:196,3
DA:203,3
DA:204,0
DA:211,1
DA:212,1
DA:216,3
DA:217,3
DA:222,3
DA:245,4
DA:247,4
DA:248,1
DA:249,1
DA:254,3
DA:255,0
DA:258,3
DA:262,3
DA:263,1
DA:266,2
DA:267,0
DA:269,2
DA:270,0
DA:272,2
DA:273,1
DA:277,1
DA:278,0
DA:283,1
DA:287,3
DA:291,3
DA:292,3
DA:294,0
DA:295,0
DA:297,0
DA:298,0
DA:301,0
DA:305,3
DA:306,0
DA:308,3
DA:309,3
DA:312,0
DA:316,3
DA:317,3
DA:320,0
DA:324,1
DA:325,1
DA:328,0
DA:329,0
DA:330,0
DA:331,0
DA:335,0
DA:339,1
DA:341,1
DA:346,1
DA:348,0
DA:353,1
DA:354,1
DA:357,0
LF:103
LH:81
BRDA:45,0,0,14
BRDA:45,0,1,3
BRDA:52,1,0,1
BRDA:52,1,1,1
BRDA:75,2,0,1
BRDA:75,2,1,1
BRDA:146,3,0,1
BRDA:146,3,1,7
BRDA:168,4,0,0
BRDA:168,4,1,4
BRDA:186,5,0,1
BRDA:186,5,1,3
BRDA:186,6,0,4
BRDA:186,6,1,3
BRDA:190,7,0,0
BRDA:190,7,1,3
BRDA:190,8,0,3
BRDA:190,8,1,0
BRDA:192,9,0,0
BRDA:192,9,1,0
BRDA:203,10,0,0
BRDA:203,10,1,3
BRDA:228,11,0,3
BRDA:228,11,1,0
BRDA:232,12,0,3
BRDA:232,12,1,0
BRDA:236,13,0,0
BRDA:236,13,1,1
BRDA:238,14,0,0
BRDA:238,14,1,1
BRDA:238,15,0,3
BRDA:238,15,1,0
BRDA:240,16,0,1
BRDA:240,16,1,0
BRDA:247,17,0,1
BRDA:247,17,1,3
BRDA:250,18,0,1
BRDA:250,18,1,0
BRDA:254,19,0,0
BRDA:254,19,1,3
BRDA:262,20,0,1
BRDA:262,20,1,2
BRDA:262,21,0,3
BRDA:262,21,1,3
BRDA:266,22,0,0
BRDA:266,22,1,2
BRDA:269,23,0,0
BRDA:269,23,1,2
BRDA:272,24,0,1
BRDA:272,24,1,1
BRDA:277,25,0,0
BRDA:277,25,1,1
BRDA:291,26,0,3
BRDA:291,26,1,0
BRDA:294,27,0,0
BRDA:294,27,1,0
BRDA:297,28,0,0
BRDA:297,28,1,0
BRDA:305,29,0,0
BRDA:305,29,1,3
BRDA:308,30,0,3
BRDA:308,30,1,0
BRDA:316,31,0,3
BRDA:316,31,1,0
BRDA:324,32,0,1
BRDA:324,32,1,0
BRDA:328,33,0,0
BRDA:328,33,1,0
BRDA:328,34,0,0
BRDA:328,34,1,0
BRDA:330,35,0,0
BRDA:330,35,1,0
BRDA:341,36,0,0
BRDA:341,36,1,1
BRDA:341,36,2,1
BRDA:341,36,3,1
BRDA:341,36,4,0
BRDA:353,37,0,1
BRDA:353,37,1,0
BRF:79
BRH:44
end_of_record
TN:
SF:src/notifications.ts
FN:1,(anonymous_0)
FN:22,(anonymous_1)
FN:26,(anonymous_2)
FN:50,(anonymous_3)
FN:74,(anonymous_4)
FN:86,(anonymous_5)
FN:100,(anonymous_6)
FNF:7
FNH:7
FNDA:1,(anonymous_0)
FNDA:10,(anonymous_1)
FNDA:2,(anonymous_2)
FNDA:2,(anonymous_3)
FNDA:2,(anonymous_4)
FNDA:2,(anonymous_5)
FNDA:2,(anonymous_6)
DA:1,1
DA:2,1
DA:3,1
DA:4,1
DA:5,1
DA:23,10
DA:31,2
DA:42,2
DA:43,1
DA:46,1
DA:47,1
DA:55,2
DA:66,2
DA:67,1
DA:70,1
DA:71,1
DA:75,2
DA:81,2
DA:82,1
DA:87,2
DA:92,2
DA:93,1
DA:96,1
DA:97,1
DA:101,2
DA:107,2
DA:108,1
DA:111,1
LF:28
LH:28
BRDA:42,0,0,1
BRDA:42,0,1,1
BRDA:66,1,0,1
BRDA:66,1,1,1
BRDA:81,2,0,1
BRDA:81,2,1,1
BRDA:92,3,0,1
BRDA:92,3,1,1
BRDA:107,4,0,1
BRDA:107,4,1,1
BRF:10
BRH:10
end_of_record
TN:
SF:src/signers.ts
FN:15,createKeypairSigner
FN:19,(anonymous_1)
FN:22,(anonymous_2)
FN:34,createFreighterSigner
FN:36,(anonymous_4)
FN:40,(anonymous_5)
FN:76,loadFreighter
FN:95,resolveFreighterAddress
FN:114,assertFreighterNetwork
FNF:9
FNH:9
FNDA:7,createKeypairSigner
FNDA:7,(anonymous_1)
FNDA:4,(anonymous_2)
FNDA:9,createFreighterSigner
FNDA:6,(anonymous_4)
FNDA:4,(anonymous_5)
FNDA:10,loadFreighter
FNDA:7,resolveFreighterAddress
FNDA:4,assertFreighterNetwork
DA:6,3
DA:7,3
DA:9,3
DA:16,7
DA:18,7
DA:20,7
DA:23,4
DA:28,4
DA:29,4
DA:35,9
DA:37,6
DA:38,3
DA:41,4
DA:42,4
DA:44,4
DA:46,2
DA:51,2
DA:52,1
DA:57,1
DA:77,10
DA:78,1
DA:81,9
DA:82,9
DA:84,10
DA:85,1
DA:88,8
DA:89,1
DA:92,7
DA:96,7
DA:97,7
DA:98,1
DA:100,6
DA:101,3
DA:104,3
DA:105,3
DA:106,1
DA:111,2
DA:118,4
DA:119,0
DA:122,4
DA:123,4
DA:124,1
DA:127,3
DA:132,1
LF:44
LH:43
BRDA:38,0,0,3
BRDA:38,0,1,3
BRDA:42,1,0,4
BRDA:42,1,1,4
BRDA:42,1,2,4
BRDA:51,2,0,1
BRDA:51,2,1,1
BRDA:51,3,0,2
BRDA:51,3,1,1
BRDA:53,4,0,1
BRDA:53,4,1,0
BRDA:77,5,0,1
BRDA:77,5,1,9
BRDA:82,6,0,9
BRDA:82,6,1,0
BRDA:84,7,0,1
BRDA:84,7,1,9
BRDA:88,8,0,1
BRDA:88,8,1,7
BRDA:88,9,0,8
BRDA:88,9,1,8
BRDA:97,10,0,1
BRDA:97,10,1,6
BRDA:100,11,0,3
BRDA:100,11,1,3
BRDA:105,12,0,1
BRDA:105,12,1,2
BRDA:105,13,0,3
BRDA:105,13,1,2
BRDA:107,14,0,1
BRDA:107,14,1,0
BRDA:116,15,0,4
BRDA:118,16,0,0
BRDA:118,16,1,4
BRDA:123,17,0,1
BRDA:123,17,1,3
BRDA:127,18,0,1
BRDA:127,18,1,2
BRDA:128,19,0,3
BRDA:128,19,1,3
BRDA:128,19,2,3
BRF:41
BRH:37
end_of_record
